This is pdfTeX, Version 3.14159265-2.6-1.40.17 (TeX Live 2016/Debian) (preloaded format=pdflatex 2017.4.14)  18 SEP 2017 00:44
entering extended mode
 restricted \write18 enabled.
 %&-line parsing enabled.
**stickers.tex
(./stickers.tex
LaTeX2e <2017/01/01> patch level 3
Babel <3.9r> and hyphenation patterns for 4 language(s) loaded.
(/usr/share/texlive/texmf-dist/tex/latex/base/article.cls
Document Class: article 2014/09/29 v1.4h Standard LaTeX document class
(/usr/share/texlive/texmf-dist/tex/latex/base/size10.clo
File: size10.clo 2014/09/29 v1.4h Standard LaTeX file (size option)
)
\c@part=\count79
\c@section=\count80
\c@subsection=\count81
\c@subsubsection=\count82
\c@paragraph=\count83
\c@subparagraph=\count84
\c@figure=\count85
\c@table=\count86
\abovecaptionskip=\skip41
\belowcaptionskip=\skip42
\bibindent=\dimen102
)
(/usr/share/texlive/texmf-dist/tex/latex/geometry/geometry.sty
Package: geometry 2010/09/12 v5.6 Page Geometry

(/usr/share/texlive/texmf-dist/tex/latex/graphics/keyval.sty
Package: keyval 2014/10/28 v1.15 key=value parser (DPC)
\KV@toks@=\toks14
)
(/usr/share/texlive/texmf-dist/tex/generic/oberdiek/ifpdf.sty
Package: ifpdf 2016/05/14 v3.1 Provides the ifpdf switch
)
(/usr/share/texlive/texmf-dist/tex/generic/oberdiek/ifvtex.sty
Package: ifvtex 2016/05/16 v1.6 Detect VTeX and its facilities (HO)
Package ifvtex Info: VTeX not detected.
)
(/usr/share/texlive/texmf-dist/tex/generic/ifxetex/ifxetex.sty
Package: ifxetex 2010/09/12 v0.6 Provides ifxetex conditional
)
\Gm@cnth=\count87
\Gm@cntv=\count88
\c@Gm@tempcnt=\count89
\Gm@bindingoffset=\dimen103
\Gm@wd@mp=\dimen104
\Gm@odd@mp=\dimen105
\Gm@even@mp=\dimen106
\Gm@layoutwidth=\dimen107
\Gm@layoutheight=\dimen108
\Gm@layouthoffset=\dimen109
\Gm@layoutvoffset=\dimen110
\Gm@dimlist=\toks15
)
(/usr/share/texlive/texmf-dist/tex/latex/polski/polski.sty
Package: polski 2008/02/24 v1.3.3 Polish language package

Document language package `polski' v1.3.3 <2008/02/24>
   Switching to Polish text encoding and Polish maths fonts.
(/usr/share/texlive/texmf-dist/tex/latex/base/ot4enc.def
File: ot4enc.def 2017/02/22 v2.0g Standard LaTeX file
)
LaTeX Font Info:    Try loading font information for OT4+cmr on input line 346.


(/usr/share/texlive/texmf-dist/tex/latex/polski/ot4cmr.fd
File: ot4cmr.fd 2008/02/24 v1.2.1 Font defs for fonts PL (MW)
)
LaTeX Font Info:    Overwriting math alphabet `\mathbf' in version `normal'
(Font)                  OT1/cmr/bx/n --> OT4/cmr/bx/n on input line 346.
LaTeX Font Info:    Overwriting math alphabet `\mathsf' in version `normal'
(Font)                  OT1/cmss/m/n --> OT4/cmss/m/n on input line 346.
LaTeX Font Info:    Overwriting math alphabet `\mathit' in version `normal'
(Font)                  OT1/cmr/m/it --> OT4/cmr/m/it on input line 346.
LaTeX Font Info:    Overwriting math alphabet `\mathtt' in version `normal'
(Font)                  OT1/cmtt/m/n --> OT4/cmtt/m/n on input line 346.
LaTeX Font Info:    Overwriting math alphabet `\mathsf' in version `bold'
(Font)                  OT1/cmss/bx/n --> OT4/cmss/bx/n on input line 346.
LaTeX Font Info:    Overwriting math alphabet `\mathit' in version `bold'
(Font)                  OT1/cmr/bx/it --> OT4/cmr/bx/it on input line 346.
LaTeX Font Info:    Encoding `OT1' has changed to `OT4' for symbol font
(Font)              `operators' in the math version `normal' on input line 346.

LaTeX Font Info:    Overwriting symbol font `operators' in version `normal'
(Font)                  OT1/cmr/m/n --> OT4/cmr/m/n on input line 346.
LaTeX Font Info:    Overwriting symbol font `letters' in version `normal'
(Font)                  OML/cmm/m/it --> OML/plm/m/it on input line 346.
LaTeX Font Info:    Overwriting symbol font `symbols' in version `normal'
(Font)                  OMS/cmsy/m/n --> OMS/plsy/m/n on input line 346.
LaTeX Font Info:    Overwriting symbol font `largesymbols' in version `normal'
(Font)                  OMX/cmex/m/n --> OMX/plex/m/n on input line 346.
LaTeX Font Info:    Encoding `OT1' has changed to `OT4' for symbol font
(Font)              `operators' in the math version `bold' on input line 346.
LaTeX Font Info:    Overwriting symbol font `operators' in version `bold'
(Font)                  OT1/cmr/bx/n --> OT4/cmr/bx/n on input line 346.
LaTeX Font Info:    Overwriting symbol font `letters' in version `bold'
(Font)                  OML/cmm/b/it --> OML/plm/b/it on input line 346.
LaTeX Font Info:    Overwriting symbol font `symbols' in version `bold'
(Font)                  OMS/cmsy/b/n --> OMS/plsy/b/n on input line 346.
)
(/usr/share/texlive/texmf-dist/tex/latex/base/inputenc.sty
Package: inputenc 2015/03/17 v1.2c Input encoding file
\inpenc@prehook=\toks16
\inpenc@posthook=\toks17

(/usr/share/texlive/texmf-dist/tex/latex/base/utf8.def
File: utf8.def 2017/01/28 v1.1t UTF-8 support for inputenc
Now handling font encoding OML ...
... no UTF-8 mapping file for font encoding OML
Now handling font encoding T1 ...
... processing UTF-8 mapping file for font encoding T1

(/usr/share/texlive/texmf-dist/tex/latex/base/t1enc.dfu
File: t1enc.dfu 2017/01/28 v1.1t UTF-8 support for inputenc
   defining Unicode char U+00A0 (decimal 160)
   defining Unicode char U+00A1 (decimal 161)
   defining Unicode char U+00A3 (decimal 163)
   defining Unicode char U+00AB (decimal 171)
   defining Unicode char U+00AD (decimal 173)
   defining Unicode char U+00BB (decimal 187)
   defining Unicode char U+00BF (decimal 191)
   defining Unicode char U+00C0 (decimal 192)
   defining Unicode char U+00C1 (decimal 193)
   defining Unicode char U+00C2 (decimal 194)
   defining Unicode char U+00C3 (decimal 195)
   defining Unicode char U+00C4 (decimal 196)
   defining Unicode char U+00C5 (decimal 197)
   defining Unicode char U+00C6 (decimal 198)
   defining Unicode char U+00C7 (decimal 199)
   defining Unicode char U+00C8 (decimal 200)
   defining Unicode char U+00C9 (decimal 201)
   defining Unicode char U+00CA (decimal 202)
   defining Unicode char U+00CB (decimal 203)
   defining Unicode char U+00CC (decimal 204)
   defining Unicode char U+00CD (decimal 205)
   defining Unicode char U+00CE (decimal 206)
   defining Unicode char U+00CF (decimal 207)
   defining Unicode char U+00D0 (decimal 208)
   defining Unicode char U+00D1 (decimal 209)
   defining Unicode char U+00D2 (decimal 210)
   defining Unicode char U+00D3 (decimal 211)
   defining Unicode char U+00D4 (decimal 212)
   defining Unicode char U+00D5 (decimal 213)
   defining Unicode char U+00D6 (decimal 214)
   defining Unicode char U+00D8 (decimal 216)
   defining Unicode char U+00D9 (decimal 217)
   defining Unicode char U+00DA (decimal 218)
   defining Unicode char U+00DB (decimal 219)
   defining Unicode char U+00DC (decimal 220)
   defining Unicode char U+00DD (decimal 221)
   defining Unicode char U+00DE (decimal 222)
   defining Unicode char U+00DF (decimal 223)
   defining Unicode char U+00E0 (decimal 224)
   defining Unicode char U+00E1 (decimal 225)
   defining Unicode char U+00E2 (decimal 226)
   defining Unicode char U+00E3 (decimal 227)
   defining Unicode char U+00E4 (decimal 228)
   defining Unicode char U+00E5 (decimal 229)
   defining Unicode char U+00E6 (decimal 230)
   defining Unicode char U+00E7 (decimal 231)
   defining Unicode char U+00E8 (decimal 232)
   defining Unicode char U+00E9 (decimal 233)
   defining Unicode char U+00EA (decimal 234)
   defining Unicode char U+00EB (decimal 235)
   defining Unicode char U+00EC (decimal 236)
   defining Unicode char U+00ED (decimal 237)
   defining Unicode char U+00EE (decimal 238)
   defining Unicode char U+00EF (decimal 239)
   defining Unicode char U+00F0 (decimal 240)
   defining Unicode char U+00F1 (decimal 241)
   defining Unicode char U+00F2 (decimal 242)
   defining Unicode char U+00F3 (decimal 243)
   defining Unicode char U+00F4 (decimal 244)
   defining Unicode char U+00F5 (decimal 245)
   defining Unicode char U+00F6 (decimal 246)
   defining Unicode char U+00F8 (decimal 248)
   defining Unicode char U+00F9 (decimal 249)
   defining Unicode char U+00FA (decimal 250)
   defining Unicode char U+00FB (decimal 251)
   defining Unicode char U+00FC (decimal 252)
   defining Unicode char U+00FD (decimal 253)
   defining Unicode char U+00FE (decimal 254)
   defining Unicode char U+00FF (decimal 255)
   defining Unicode char U+0100 (decimal 256)
   defining Unicode char U+0101 (decimal 257)
   defining Unicode char U+0102 (decimal 258)
   defining Unicode char U+0103 (decimal 259)
   defining Unicode char U+0104 (decimal 260)
   defining Unicode char U+0105 (decimal 261)
   defining Unicode char U+0106 (decimal 262)
   defining Unicode char U+0107 (decimal 263)
   defining Unicode char U+0108 (decimal 264)
   defining Unicode char U+0109 (decimal 265)
   defining Unicode char U+010A (decimal 266)
   defining Unicode char U+010B (decimal 267)
   defining Unicode char U+010C (decimal 268)
   defining Unicode char U+010D (decimal 269)
   defining Unicode char U+010E (decimal 270)
   defining Unicode char U+010F (decimal 271)
   defining Unicode char U+0110 (decimal 272)
   defining Unicode char U+0111 (decimal 273)
   defining Unicode char U+0112 (decimal 274)
   defining Unicode char U+0113 (decimal 275)
   defining Unicode char U+0114 (decimal 276)
   defining Unicode char U+0115 (decimal 277)
   defining Unicode char U+0116 (decimal 278)
   defining Unicode char U+0117 (decimal 279)
   defining Unicode char U+0118 (decimal 280)
   defining Unicode char U+0119 (decimal 281)
   defining Unicode char U+011A (decimal 282)
   defining Unicode char U+011B (decimal 283)
   defining Unicode char U+011C (decimal 284)
   defining Unicode char U+011D (decimal 285)
   defining Unicode char U+011E (decimal 286)
   defining Unicode char U+011F (decimal 287)
   defining Unicode char U+0120 (decimal 288)
   defining Unicode char U+0121 (decimal 289)
   defining Unicode char U+0122 (decimal 290)
   defining Unicode char U+0123 (decimal 291)
   defining Unicode char U+0124 (decimal 292)
   defining Unicode char U+0125 (decimal 293)
   defining Unicode char U+0128 (decimal 296)
   defining Unicode char U+0129 (decimal 297)
   defining Unicode char U+012A (decimal 298)
   defining Unicode char U+012B (decimal 299)
   defining Unicode char U+012C (decimal 300)
   defining Unicode char U+012D (decimal 301)
   defining Unicode char U+012E (decimal 302)
   defining Unicode char U+012F (decimal 303)
   defining Unicode char U+0130 (decimal 304)
   defining Unicode char U+0131 (decimal 305)
   defining Unicode char U+0132 (decimal 306)
   defining Unicode char U+0133 (decimal 307)
   defining Unicode char U+0134 (decimal 308)
   defining Unicode char U+0135 (decimal 309)
   defining Unicode char U+0136 (decimal 310)
   defining Unicode char U+0137 (decimal 311)
   defining Unicode char U+0139 (decimal 313)
   defining Unicode char U+013A (decimal 314)
   defining Unicode char U+013B (decimal 315)
   defining Unicode char U+013C (decimal 316)
   defining Unicode char U+013D (decimal 317)
   defining Unicode char U+013E (decimal 318)
   defining Unicode char U+0141 (decimal 321)
   defining Unicode char U+0142 (decimal 322)
   defining Unicode char U+0143 (decimal 323)
   defining Unicode char U+0144 (decimal 324)
   defining Unicode char U+0145 (decimal 325)
   defining Unicode char U+0146 (decimal 326)
   defining Unicode char U+0147 (decimal 327)
   defining Unicode char U+0148 (decimal 328)
   defining Unicode char U+014A (decimal 330)
   defining Unicode char U+014B (decimal 331)
   defining Unicode char U+014C (decimal 332)
   defining Unicode char U+014D (decimal 333)
   defining Unicode char U+014E (decimal 334)
   defining Unicode char U+014F (decimal 335)
   defining Unicode char U+0150 (decimal 336)
   defining Unicode char U+0151 (decimal 337)
   defining Unicode char U+0152 (decimal 338)
   defining Unicode char U+0153 (decimal 339)
   defining Unicode char U+0154 (decimal 340)
   defining Unicode char U+0155 (decimal 341)
   defining Unicode char U+0156 (decimal 342)
   defining Unicode char U+0157 (decimal 343)
   defining Unicode char U+0158 (decimal 344)
   defining Unicode char U+0159 (decimal 345)
   defining Unicode char U+015A (decimal 346)
   defining Unicode char U+015B (decimal 347)
   defining Unicode char U+015C (decimal 348)
   defining Unicode char U+015D (decimal 349)
   defining Unicode char U+015E (decimal 350)
   defining Unicode char U+015F (decimal 351)
   defining Unicode char U+0160 (decimal 352)
   defining Unicode char U+0161 (decimal 353)
   defining Unicode char U+0162 (decimal 354)
   defining Unicode char U+0163 (decimal 355)
   defining Unicode char U+0164 (decimal 356)
   defining Unicode char U+0165 (decimal 357)
   defining Unicode char U+0168 (decimal 360)
   defining Unicode char U+0169 (decimal 361)
   defining Unicode char U+016A (decimal 362)
   defining Unicode char U+016B (decimal 363)
   defining Unicode char U+016C (decimal 364)
   defining Unicode char U+016D (decimal 365)
   defining Unicode char U+016E (decimal 366)
   defining Unicode char U+016F (decimal 367)
   defining Unicode char U+0170 (decimal 368)
   defining Unicode char U+0171 (decimal 369)
   defining Unicode char U+0172 (decimal 370)
   defining Unicode char U+0173 (decimal 371)
   defining Unicode char U+0174 (decimal 372)
   defining Unicode char U+0175 (decimal 373)
   defining Unicode char U+0176 (decimal 374)
   defining Unicode char U+0177 (decimal 375)
   defining Unicode char U+0178 (decimal 376)
   defining Unicode char U+0179 (decimal 377)
   defining Unicode char U+017A (decimal 378)
   defining Unicode char U+017B (decimal 379)
   defining Unicode char U+017C (decimal 380)
   defining Unicode char U+017D (decimal 381)
   defining Unicode char U+017E (decimal 382)
   defining Unicode char U+01CD (decimal 461)
   defining Unicode char U+01CE (decimal 462)
   defining Unicode char U+01CF (decimal 463)
   defining Unicode char U+01D0 (decimal 464)
   defining Unicode char U+01D1 (decimal 465)
   defining Unicode char U+01D2 (decimal 466)
   defining Unicode char U+01D3 (decimal 467)
   defining Unicode char U+01D4 (decimal 468)
   defining Unicode char U+01E2 (decimal 482)
   defining Unicode char U+01E3 (decimal 483)
   defining Unicode char U+01E6 (decimal 486)
   defining Unicode char U+01E7 (decimal 487)
   defining Unicode char U+01E8 (decimal 488)
   defining Unicode char U+01E9 (decimal 489)
   defining Unicode char U+01EA (decimal 490)
   defining Unicode char U+01EB (decimal 491)
   defining Unicode char U+01F0 (decimal 496)
   defining Unicode char U+01F4 (decimal 500)
   defining Unicode char U+01F5 (decimal 501)
   defining Unicode char U+0218 (decimal 536)
   defining Unicode char U+0219 (decimal 537)
   defining Unicode char U+021A (decimal 538)
   defining Unicode char U+021B (decimal 539)
   defining Unicode char U+0232 (decimal 562)
   defining Unicode char U+0233 (decimal 563)
   defining Unicode char U+1E02 (decimal 7682)
   defining Unicode char U+1E03 (decimal 7683)
   defining Unicode char U+200C (decimal 8204)
   defining Unicode char U+2010 (decimal 8208)
   defining Unicode char U+2011 (decimal 8209)
   defining Unicode char U+2012 (decimal 8210)
   defining Unicode char U+2013 (decimal 8211)
   defining Unicode char U+2014 (decimal 8212)
   defining Unicode char U+2015 (decimal 8213)
   defining Unicode char U+2018 (decimal 8216)
   defining Unicode char U+2019 (decimal 8217)
   defining Unicode char U+201A (decimal 8218)
   defining Unicode char U+201C (decimal 8220)
   defining Unicode char U+201D (decimal 8221)
   defining Unicode char U+201E (decimal 8222)
   defining Unicode char U+2030 (decimal 8240)
   defining Unicode char U+2031 (decimal 8241)
   defining Unicode char U+2039 (decimal 8249)
   defining Unicode char U+203A (decimal 8250)
   defining Unicode char U+2423 (decimal 9251)
   defining Unicode char U+1E20 (decimal 7712)
   defining Unicode char U+1E21 (decimal 7713)
)
Now handling font encoding OT1 ...
... processing UTF-8 mapping file for font encoding OT1

(/usr/share/texlive/texmf-dist/tex/latex/base/ot1enc.dfu
File: ot1enc.dfu 2017/01/28 v1.1t UTF-8 support for inputenc
   defining Unicode char U+00A0 (decimal 160)
   defining Unicode char U+00A1 (decimal 161)
   defining Unicode char U+00A3 (decimal 163)
   defining Unicode char U+00AD (decimal 173)
   defining Unicode char U+00B8 (decimal 184)
   defining Unicode char U+00BF (decimal 191)
   defining Unicode char U+00C5 (decimal 197)
   defining Unicode char U+00C6 (decimal 198)
   defining Unicode char U+00D8 (decimal 216)
   defining Unicode char U+00DF (decimal 223)
   defining Unicode char U+00E6 (decimal 230)
   defining Unicode char U+00EC (decimal 236)
   defining Unicode char U+00ED (decimal 237)
   defining Unicode char U+00EE (decimal 238)
   defining Unicode char U+00EF (decimal 239)
   defining Unicode char U+00F8 (decimal 248)
   defining Unicode char U+0131 (decimal 305)
   defining Unicode char U+0141 (decimal 321)
   defining Unicode char U+0142 (decimal 322)
   defining Unicode char U+0152 (decimal 338)
   defining Unicode char U+0153 (decimal 339)
   defining Unicode char U+0174 (decimal 372)
   defining Unicode char U+0175 (decimal 373)
   defining Unicode char U+0176 (decimal 374)
   defining Unicode char U+0177 (decimal 375)
   defining Unicode char U+0218 (decimal 536)
   defining Unicode char U+0219 (decimal 537)
   defining Unicode char U+021A (decimal 538)
   defining Unicode char U+021B (decimal 539)
   defining Unicode char U+2013 (decimal 8211)
   defining Unicode char U+2014 (decimal 8212)
   defining Unicode char U+2018 (decimal 8216)
   defining Unicode char U+2019 (decimal 8217)
   defining Unicode char U+201C (decimal 8220)
   defining Unicode char U+201D (decimal 8221)
)
Now handling font encoding OMS ...
... processing UTF-8 mapping file for font encoding OMS

(/usr/share/texlive/texmf-dist/tex/latex/base/omsenc.dfu
File: omsenc.dfu 2017/01/28 v1.1t UTF-8 support for inputenc
   defining Unicode char U+00A7 (decimal 167)
   defining Unicode char U+00B6 (decimal 182)
   defining Unicode char U+00B7 (decimal 183)
   defining Unicode char U+2020 (decimal 8224)
   defining Unicode char U+2021 (decimal 8225)
   defining Unicode char U+2022 (decimal 8226)
)
Now handling font encoding OMX ...
... no UTF-8 mapping file for font encoding OMX
Now handling font encoding U ...
... no UTF-8 mapping file for font encoding U
Now handling font encoding OT4 ...
... no UTF-8 mapping file for font encoding OT4
   defining Unicode char U+00A9 (decimal 169)
   defining Unicode char U+00AA (decimal 170)
   defining Unicode char U+00AE (decimal 174)
   defining Unicode char U+00BA (decimal 186)
   defining Unicode char U+02C6 (decimal 710)
   defining Unicode char U+02DC (decimal 732)
   defining Unicode char U+200C (decimal 8204)
   defining Unicode char U+2026 (decimal 8230)
   defining Unicode char U+2122 (decimal 8482)
   defining Unicode char U+2423 (decimal 9251)
))
(/usr/share/texlive/texmf-dist/tex/latex/labels/labels.sty
Package: labels 2003/05/22 v.13
\LabelCols=\count90
\LabelRows=\count91
\LeftBorder=\dimen111
\RightBorder=\dimen112
\TopBorder=\dimen113
\BottomBorder=\dimen114
\numberoflabels=\count92
\label@width=\dimen115
\label@height=\dimen116
\area@width=\dimen117
\area@height=\dimen118
\half@label=\dimen119
\half@area=\dimen120
\addr@width=\dimen121
\LabTmp=\dimen122
\this@label=\box26
\label@number=\count93
\skip@labels=\count94
\l@so@far=\count95
\LabelTotal=\count96
\@Milli=\count97
\sk@pped=\count98
)

LaTeX Warning: Unused global option(s):
    [polish].

(./stickers.aux)
\openout1 = `stickers.aux'.

LaTeX Font Info:    Checking defaults for OML/cmm/m/it on input line 15.
LaTeX Font Info:    ... okay on input line 15.
LaTeX Font Info:    Checking defaults for T1/cmr/m/n on input line 15.
LaTeX Font Info:    ... okay on input line 15.
LaTeX Font Info:    Checking defaults for OT1/cmr/m/n on input line 15.
LaTeX Font Info:    ... okay on input line 15.
LaTeX Font Info:    Checking defaults for OMS/cmsy/m/n on input line 15.
LaTeX Font Info:    ... okay on input line 15.
LaTeX Font Info:    Checking defaults for OMX/cmex/m/n on input line 15.
LaTeX Font Info:    ... okay on input line 15.
LaTeX Font Info:    Checking defaults for U/cmr/m/n on input line 15.
LaTeX Font Info:    ... okay on input line 15.
LaTeX Font Info:    Checking defaults for OT4/cmr/m/n on input line 15.
LaTeX Font Info:    ... okay on input line 15.

*geometry* driver: auto-detecting
*geometry* detected driver: pdftex
*geometry* verbose mode - [ preamble ] result:
* driver: pdftex
* paper: a4paper
* layout: <same size as paper>
* layoutoffset:(h,v)=(0.0pt,0.0pt)
* modes: landscape 
* h-part:(L,W,R)=(126.75832pt, 591.5302pt, 126.75833pt)
* v-part:(T,H,B)=(71.70166pt, 418.25368pt, 107.55254pt)
* \paperwidth=845.04684pt
* \paperheight=597.50787pt
* \textwidth=845.04684pt
* \textheight=597.50787pt
* \oddsidemargin=-72.26999pt
* \evensidemargin=-72.26999pt
* \topmargin=-72.26999pt
* \headheight=0.0pt
* \headsep=0.0pt
* \topskip=0.0pt
* \footskip=0.0pt
* \marginparwidth=57.0pt
* \marginparsep=11.0pt
* \columnsep=10.0pt
* \skip\footins=9.0pt plus 4.0pt minus 2.0pt
* \hoffset=0.0pt
* \voffset=0.0pt
* \mag=1000
* \@twocolumnfalse
* \@twosidefalse
* \@mparswitchfalse
* \@reversemarginfalse
* (1in=72.27pt=25.4mm, 1cm=28.453pt)

To print info, put `\LabelInfotrue' in the preamble
(./labels.tex
Overfull \hbox (17.3341pt too wide) in paragraph at lines 1--3
[]\OT4/cmr/m/n/10 .................................[]  
 []

LaTeX Font Info:    Try loading font information for OML+plm on input line 3.
(/usr/share/texlive/texmf-dist/tex/latex/polski/omlplm.fd
File: omlplm.fd 2008/02/24 v1.2.1 Font defs for fonts PL (MW)
)
LaTeX Font Info:    Try loading font information for OMS+plsy on input line 3.

(/usr/share/texlive/texmf-dist/tex/latex/polski/omsplsy.fd
File: omsplsy.fd 2008/02/24 v1.2.1 Font defs for fonts PL (MW)
)
LaTeX Font Info:    Try loading font information for OMX+plex on input line 3.

(/usr/share/texlive/texmf-dist/tex/latex/polski/omxplex.fd
File: omxplex.fd 2008/02/24 v1.2.1 Font defs for fonts PL (MW)
)
LaTeX Font Info:    External font `plex10' loaded for size
(Font)              <10> on input line 3.
LaTeX Font Info:    External font `plex10' loaded for size
(Font)              <7> on input line 3.
LaTeX Font Info:    External font `plex10' loaded for size
(Font)              <5> on input line 3.
 +
Overfull \hbox (17.3341pt too wide) in paragraph at lines 4--6
[]\OT4/cmr/m/n/10 .................................[]  
 []

+ + + + + + + |
Overfull \hbox (17.3341pt too wide) in paragraph at lines 19--21
[]\OT4/cmr/m/n/10 .................................[]  
 []

+
Overfull \hbox (17.3341pt too wide) in paragraph at lines 22--24
[]\OT4/cmr/m/n/10 .................................[]  
 []

+ + + + + + + |
Overfull \hbox (17.3341pt too wide) in paragraph at lines 37--39
[]\OT4/cmr/m/n/10 .................................[]  
 []

+
Overfull \hbox (17.3341pt too wide) in paragraph at lines 40--42
[]\OT4/cmr/m/n/10 .................................[]  
 []

+ + + + + + + |
Overfull \hbox (17.3341pt too wide) in paragraph at lines 55--57
[]\OT4/cmr/m/n/10 .................................[]  
 []

[1

{/var/lib/texmf/fonts/map/pdftex/updmap/pdftex.map}] +
Overfull \hbox (17.3341pt too wide) in paragraph at lines 58--60
[]\OT4/cmr/m/n/10 .................................[]  
 []

+ + + + + + + |
Overfull \hbox (17.3341pt too wide) in paragraph at lines 73--75
[]\OT4/cmr/m/n/10 .................................[]  
 []

+
Overfull \hbox (17.3341pt too wide) in paragraph at lines 76--78
[]\OT4/cmr/m/n/10 .................................[]  
 []

+ + + + + + + |
Overfull \hbox (17.3341pt too wide) in paragraph at lines 91--93
[]\OT4/cmr/m/n/10 .................................[]  
 []

+
Overfull \hbox (17.3341pt too wide) in paragraph at lines 94--96
[]\OT4/cmr/m/n/10 .................................[]  
 []

+ + + + + + + |
Overfull \hbox (17.3341pt too wide) in paragraph at lines 109--111
[]\OT4/cmr/m/n/10 .................................[]  
 []

[2] +
Overfull \hbox (17.3341pt too wide) in paragraph at lines 112--114
[]\OT4/cmr/m/n/10 .................................[]  
 []

+ + + + + + + |
Overfull \hbox (17.3341pt too wide) in paragraph at lines 127--129
[]\OT4/cmr/m/n/10 .................................[]  
 []

+
Overfull \hbox (17.3341pt too wide) in paragraph at lines 130--132
[]\OT4/cmr/m/n/10 .................................[]  
 []

+ + + + + + + |
Overfull \hbox (17.3341pt too wide) in paragraph at lines 145--147
[]\OT4/cmr/m/n/10 .................................[]  
 []

+
Overfull \hbox (17.3341pt too wide) in paragraph at lines 148--150
[]\OT4/cmr/m/n/10 .................................[]  
 []

+ + + + + + + |
Overfull \hbox (17.3341pt too wide) in paragraph at lines 163--165
[]\OT4/cmr/m/n/10 .................................[]  
 []

[3] +
Overfull \hbox (17.3341pt too wide) in paragraph at lines 166--168
[]\OT4/cmr/m/n/10 .................................[]  
 []

+ + + + + + + |
Overfull \hbox (17.3341pt too wide) in paragraph at lines 181--183
[]\OT4/cmr/m/n/10 .................................[]  
 []

+
Overfull \hbox (17.3341pt too wide) in paragraph at lines 184--186
[]\OT4/cmr/m/n/10 .................................[]  
 []

+ + + + + + + |
Overfull \hbox (17.3341pt too wide) in paragraph at lines 199--201
[]\OT4/cmr/m/n/10 .................................[]  
 []

+
Overfull \hbox (17.3341pt too wide) in paragraph at lines 202--204
[]\OT4/cmr/m/n/10 .................................[]  
 []

+ + + + + + + |
Overfull \hbox (17.3341pt too wide) in paragraph at lines 217--219
[]\OT4/cmr/m/n/10 .................................[]  
 []

[4] +
Overfull \hbox (17.3341pt too wide) in paragraph at lines 220--222
[]\OT4/cmr/m/n/10 .................................[]  
 []

+ + + + + + + |
Overfull \hbox (17.3341pt too wide) in paragraph at lines 235--237
[]\OT4/cmr/m/n/10 .................................[]  
 []

+
Overfull \hbox (17.3341pt too wide) in paragraph at lines 238--240
[]\OT4/cmr/m/n/10 .................................[]  
 []

+ + + + + + + |
Overfull \hbox (17.3341pt too wide) in paragraph at lines 253--255
[]\OT4/cmr/m/n/10 .................................[]  
 []

+
Overfull \hbox (17.3341pt too wide) in paragraph at lines 256--258
[]\OT4/cmr/m/n/10 .................................[]  
 []

+ + + + + + + |
Overfull \hbox (17.3341pt too wide) in paragraph at lines 271--273
[]\OT4/cmr/m/n/10 .................................[]  
 []

[5] +
Overfull \hbox (17.3341pt too wide) in paragraph at lines 274--276
[]\OT4/cmr/m/n/10 .................................[]  
 []

+ + + + + + + |
Overfull \hbox (17.3341pt too wide) in paragraph at lines 289--291
[]\OT4/cmr/m/n/10 .................................[]  
 []

+
Overfull \hbox (17.3341pt too wide) in paragraph at lines 292--294
[]\OT4/cmr/m/n/10 .................................[]  
 []

+
Overfull \hbox (2.33377pt too wide) in paragraph at lines 295--296
[]\OT4/cmr/bx/n/14.4 S1BA7B16  
 []

+
Overfull \hbox (2.33377pt too wide) in paragraph at lines 297--298
[]\OT4/cmr/bx/n/14.4 S2BA7B16  
 []

+
Overfull \hbox (2.33377pt too wide) in paragraph at lines 299--300
[]\OT4/cmr/bx/n/14.4 S3BA7B16  
 []

+
Overfull \hbox (2.33377pt too wide) in paragraph at lines 301--302
[]\OT4/cmr/bx/n/14.4 S4BA7B16  
 []

+
Overfull \hbox (2.33377pt too wide) in paragraph at lines 303--304
[]\OT4/cmr/bx/n/14.4 S5BA7B16  
 []

+
Overfull \hbox (2.33377pt too wide) in paragraph at lines 305--306
[]\OT4/cmr/bx/n/14.4 S6BA7B16  
 []

+ |
Overfull \hbox (17.3341pt too wide) in paragraph at lines 307--309
[]\OT4/cmr/m/n/10 .................................[]  
 []

+
Overfull \hbox (17.3341pt too wide) in paragraph at lines 310--312
[]\OT4/cmr/m/n/10 .................................[]  
 []

+ + + + + + + |
Overfull \hbox (17.3341pt too wide) in paragraph at lines 325--327
[]\OT4/cmr/m/n/10 .................................[]  
 []

[6] +
Overfull \hbox (17.3341pt too wide) in paragraph at lines 328--330
[]\OT4/cmr/m/n/10 .................................[]  
 []

+ + + + + + + |
Overfull \hbox (17.3341pt too wide) in paragraph at lines 343--345
[]\OT4/cmr/m/n/10 .................................[]  
 []

+
Overfull \hbox (17.3341pt too wide) in paragraph at lines 346--348
[]\OT4/cmr/m/n/10 .................................[]  
 []

+ + + + + + + |
Overfull \hbox (17.3341pt too wide) in paragraph at lines 361--363
[]\OT4/cmr/m/n/10 .................................[]  
 []

+
Overfull \hbox (17.3341pt too wide) in paragraph at lines 364--366
[]\OT4/cmr/m/n/10 .................................[]  
 []

+ + + + + + + |
Overfull \hbox (17.3341pt too wide) in paragraph at lines 379--381
[]\OT4/cmr/m/n/10 .................................[]  
 []

[7] +
Overfull \hbox (17.3341pt too wide) in paragraph at lines 382--384
[]\OT4/cmr/m/n/10 .................................[]  
 []

+ + + + + + + |
Overfull \hbox (17.3341pt too wide) in paragraph at lines 397--399
[]\OT4/cmr/m/n/10 .................................[]  
 []

+
Overfull \hbox (17.3341pt too wide) in paragraph at lines 400--402
[]\OT4/cmr/m/n/10 .................................[]  
 []

+
Overfull \hbox (1.45044pt too wide) in paragraph at lines 403--404
[]\OT4/cmr/bx/n/14.4 S1EAB222  
 []

+
Overfull \hbox (1.45044pt too wide) in paragraph at lines 405--406
[]\OT4/cmr/bx/n/14.4 S2EAB222  
 []

+
Overfull \hbox (1.45044pt too wide) in paragraph at lines 407--408
[]\OT4/cmr/bx/n/14.4 S3EAB222  
 []

+
Overfull \hbox (1.45044pt too wide) in paragraph at lines 409--410
[]\OT4/cmr/bx/n/14.4 S4EAB222  
 []

+
Overfull \hbox (1.45044pt too wide) in paragraph at lines 411--412
[]\OT4/cmr/bx/n/14.4 S5EAB222  
 []

+
Overfull \hbox (1.45044pt too wide) in paragraph at lines 413--414
[]\OT4/cmr/bx/n/14.4 S6EAB222  
 []

+ |
Overfull \hbox (17.3341pt too wide) in paragraph at lines 415--417
[]\OT4/cmr/m/n/10 .................................[]  
 []

+
Overfull \hbox (17.3341pt too wide) in paragraph at lines 418--420
[]\OT4/cmr/m/n/10 .................................[]  
 []

+ + + + + + + |
Overfull \hbox (17.3341pt too wide) in paragraph at lines 433--435
[]\OT4/cmr/m/n/10 .................................[]  
 []

[8] +
Overfull \hbox (17.3341pt too wide) in paragraph at lines 436--438
[]\OT4/cmr/m/n/10 .................................[]  
 []

+ + + + + + + |
Overfull \hbox (17.3341pt too wide) in paragraph at lines 451--453
[]\OT4/cmr/m/n/10 .................................[]  
 []

+
Overfull \hbox (17.3341pt too wide) in paragraph at lines 454--456
[]\OT4/cmr/m/n/10 .................................[]  
 []

+ + + + + + + |
Overfull \hbox (17.3341pt too wide) in paragraph at lines 469--471
[]\OT4/cmr/m/n/10 .................................[]  
 []

+
Overfull \hbox (17.3341pt too wide) in paragraph at lines 472--474
[]\OT4/cmr/m/n/10 .................................[]  
 []

+ + + + + + + |
Overfull \hbox (17.3341pt too wide) in paragraph at lines 487--489
[]\OT4/cmr/m/n/10 .................................[]  
 []

[9] +
Overfull \hbox (17.3341pt too wide) in paragraph at lines 490--492
[]\OT4/cmr/m/n/10 .................................[]  
 []

+ + + + + + + |
Overfull \hbox (17.3341pt too wide) in paragraph at lines 505--507
[]\OT4/cmr/m/n/10 .................................[]  
 []

+
Overfull \hbox (17.3341pt too wide) in paragraph at lines 508--510
[]\OT4/cmr/m/n/10 .................................[]  
 []

+ + + + + + + |
Overfull \hbox (17.3341pt too wide) in paragraph at lines 523--525
[]\OT4/cmr/m/n/10 .................................[]  
 []

+
Overfull \hbox (17.3341pt too wide) in paragraph at lines 526--528
[]\OT4/cmr/m/n/10 .................................[]  
 []

+ + + + + + + |
Overfull \hbox (17.3341pt too wide) in paragraph at lines 541--543
[]\OT4/cmr/m/n/10 .................................[]  
 []

[10] +
Overfull \hbox (17.3341pt too wide) in paragraph at lines 544--546
[]\OT4/cmr/m/n/10 .................................[]  
 []

+ + + + + + + |
Overfull \hbox (17.3341pt too wide) in paragraph at lines 559--561
[]\OT4/cmr/m/n/10 .................................[]  
 []

+
Overfull \hbox (17.3341pt too wide) in paragraph at lines 562--564
[]\OT4/cmr/m/n/10 .................................[]  
 []

+ + + + + + + |
Overfull \hbox (17.3341pt too wide) in paragraph at lines 577--579
[]\OT4/cmr/m/n/10 .................................[]  
 []

+
Overfull \hbox (17.3341pt too wide) in paragraph at lines 580--582
[]\OT4/cmr/m/n/10 .................................[]  
 []

+ + + + + + + |
Overfull \hbox (17.3341pt too wide) in paragraph at lines 595--597
[]\OT4/cmr/m/n/10 .................................[]  
 []

[11] +
Overfull \hbox (17.3341pt too wide) in paragraph at lines 598--600
[]\OT4/cmr/m/n/10 .................................[]  
 []

+ + + + + + + |
Overfull \hbox (17.3341pt too wide) in paragraph at lines 613--615
[]\OT4/cmr/m/n/10 .................................[]  
 []

+
Overfull \hbox (17.3341pt too wide) in paragraph at lines 616--618
[]\OT4/cmr/m/n/10 .................................[]  
 []

+ + + + + + + |
Overfull \hbox (17.3341pt too wide) in paragraph at lines 631--633
[]\OT4/cmr/m/n/10 .................................[]  
 []

+
Overfull \hbox (17.3341pt too wide) in paragraph at lines 634--636
[]\OT4/cmr/m/n/10 .................................[]  
 []

+ + + + + + + |
Overfull \hbox (17.3341pt too wide) in paragraph at lines 649--651
[]\OT4/cmr/m/n/10 .................................[]  
 []

[12] +
Overfull \hbox (17.3341pt too wide) in paragraph at lines 652--654
[]\OT4/cmr/m/n/10 .................................[]  
 []

+ + + + + + + |
Overfull \hbox (17.3341pt too wide) in paragraph at lines 667--669
[]\OT4/cmr/m/n/10 .................................[]  
 []

+
Overfull \hbox (17.3341pt too wide) in paragraph at lines 670--672
[]\OT4/cmr/m/n/10 .................................[]  
 []

+ + + + + + + |
Overfull \hbox (17.3341pt too wide) in paragraph at lines 685--687
[]\OT4/cmr/m/n/10 .................................[]  
 []

+
Overfull \hbox (17.3341pt too wide) in paragraph at lines 688--690
[]\OT4/cmr/m/n/10 .................................[]  
 []

+ + + + + + + |
Overfull \hbox (17.3341pt too wide) in paragraph at lines 703--705
[]\OT4/cmr/m/n/10 .................................[]  
 []

[13] +
Overfull \hbox (17.3341pt too wide) in paragraph at lines 706--708
[]\OT4/cmr/m/n/10 .................................[]  
 []

+ + + + + + + |
Overfull \hbox (17.3341pt too wide) in paragraph at lines 721--723
[]\OT4/cmr/m/n/10 .................................[]  
 []

+
Overfull \hbox (17.3341pt too wide) in paragraph at lines 724--726
[]\OT4/cmr/m/n/10 .................................[]  
 []

+ + + + + + + |
Overfull \hbox (17.3341pt too wide) in paragraph at lines 739--741
[]\OT4/cmr/m/n/10 .................................[]  
 []

+
Overfull \hbox (17.3341pt too wide) in paragraph at lines 742--744
[]\OT4/cmr/m/n/10 .................................[]  
 []

+ + + + + + + |
Overfull \hbox (17.3341pt too wide) in paragraph at lines 757--759
[]\OT4/cmr/m/n/10 .................................[]  
 []

[14] +
Overfull \hbox (17.3341pt too wide) in paragraph at lines 760--762
[]\OT4/cmr/m/n/10 .................................[]  
 []

+ + + + + + + |
Overfull \hbox (17.3341pt too wide) in paragraph at lines 775--777
[]\OT4/cmr/m/n/10 .................................[]  
 []

+
Overfull \hbox (17.3341pt too wide) in paragraph at lines 778--780
[]\OT4/cmr/m/n/10 .................................[]  
 []

+ + + + + + + |
Overfull \hbox (17.3341pt too wide) in paragraph at lines 793--795
[]\OT4/cmr/m/n/10 .................................[]  
 []

+
Overfull \hbox (17.3341pt too wide) in paragraph at lines 796--798
[]\OT4/cmr/m/n/10 .................................[]  
 []

+ + + + + + + |
Overfull \hbox (17.3341pt too wide) in paragraph at lines 811--813
[]\OT4/cmr/m/n/10 .................................[]  
 []

[15] +
Overfull \hbox (17.3341pt too wide) in paragraph at lines 814--816
[]\OT4/cmr/m/n/10 .................................[]  
 []

+ + + + + + + |
Overfull \hbox (17.3341pt too wide) in paragraph at lines 829--831
[]\OT4/cmr/m/n/10 .................................[]  
 []

+
Overfull \hbox (17.3341pt too wide) in paragraph at lines 832--834
[]\OT4/cmr/m/n/10 .................................[]  
 []

+ + + + + + + |
Overfull \hbox (17.3341pt too wide) in paragraph at lines 847--849
[]\OT4/cmr/m/n/10 .................................[]  
 []

+
Overfull \hbox (17.3341pt too wide) in paragraph at lines 850--852
[]\OT4/cmr/m/n/10 .................................[]  
 []

+ + + + + + + |
Overfull \hbox (17.3341pt too wide) in paragraph at lines 865--867
[]\OT4/cmr/m/n/10 .................................[]  
 []

[16] +
Overfull \hbox (17.3341pt too wide) in paragraph at lines 868--870
[]\OT4/cmr/m/n/10 .................................[]  
 []

+ + + + + + + |
Overfull \hbox (17.3341pt too wide) in paragraph at lines 883--885
[]\OT4/cmr/m/n/10 .................................[]  
 []

+
Overfull \hbox (17.3341pt too wide) in paragraph at lines 886--888
[]\OT4/cmr/m/n/10 .................................[]  
 []

+ + + + + + + |
Overfull \hbox (17.3341pt too wide) in paragraph at lines 901--903
[]\OT4/cmr/m/n/10 .................................[]  
 []

+
Overfull \hbox (17.3341pt too wide) in paragraph at lines 904--906
[]\OT4/cmr/m/n/10 .................................[]  
 []

+ + + + + + + |
Overfull \hbox (17.3341pt too wide) in paragraph at lines 919--921
[]\OT4/cmr/m/n/10 .................................[]  
 []

[17] +
Overfull \hbox (17.3341pt too wide) in paragraph at lines 922--924
[]\OT4/cmr/m/n/10 .................................[]  
 []

+ + + + + + + |
Overfull \hbox (17.3341pt too wide) in paragraph at lines 937--939
[]\OT4/cmr/m/n/10 .................................[]  
 []

+
Overfull \hbox (17.3341pt too wide) in paragraph at lines 940--942
[]\OT4/cmr/m/n/10 .................................[]  
 []

+ + + + + + + |
Overfull \hbox (17.3341pt too wide) in paragraph at lines 955--957
[]\OT4/cmr/m/n/10 .................................[]  
 []

+
Overfull \hbox (17.3341pt too wide) in paragraph at lines 958--960
[]\OT4/cmr/m/n/10 .................................[]  
 []

+ + + + + + + |
Overfull \hbox (17.3341pt too wide) in paragraph at lines 973--975
[]\OT4/cmr/m/n/10 .................................[]  
 []

[18] +
Overfull \hbox (17.3341pt too wide) in paragraph at lines 976--978
[]\OT4/cmr/m/n/10 .................................[]  
 []

+ + + + + + + |
Overfull \hbox (17.3341pt too wide) in paragraph at lines 991--993
[]\OT4/cmr/m/n/10 .................................[]  
 []

+
Overfull \hbox (17.3341pt too wide) in paragraph at lines 994--996
[]\OT4/cmr/m/n/10 .................................[]  
 []

+ + + + + + + |
Overfull \hbox (17.3341pt too wide) in paragraph at lines 1009--1011
[]\OT4/cmr/m/n/10 .................................[]  
 []

+
Overfull \hbox (17.3341pt too wide) in paragraph at lines 1012--1014
[]\OT4/cmr/m/n/10 .................................[]  
 []

+ + + + + + + |
Overfull \hbox (17.3341pt too wide) in paragraph at lines 1027--1029
[]\OT4/cmr/m/n/10 .................................[]  
 []

[19] +
Overfull \hbox (17.3341pt too wide) in paragraph at lines 1030--1032
[]\OT4/cmr/m/n/10 .................................[]  
 []

+ + + + + + + |
Overfull \hbox (17.3341pt too wide) in paragraph at lines 1045--1047
[]\OT4/cmr/m/n/10 .................................[]  
 []

+
Overfull \hbox (17.3341pt too wide) in paragraph at lines 1048--1050
[]\OT4/cmr/m/n/10 .................................[]  
 []

+ + + + + + + |
Overfull \hbox (17.3341pt too wide) in paragraph at lines 1063--1065
[]\OT4/cmr/m/n/10 .................................[]  
 []

+
Overfull \hbox (17.3341pt too wide) in paragraph at lines 1066--1068
[]\OT4/cmr/m/n/10 .................................[]  
 []

+ + + + + + + |
Overfull \hbox (17.3341pt too wide) in paragraph at lines 1081--1083
[]\OT4/cmr/m/n/10 .................................[]  
 []

[20] +
Overfull \hbox (17.3341pt too wide) in paragraph at lines 1084--1086
[]\OT4/cmr/m/n/10 .................................[]  
 []

+ + + + + + + |
Overfull \hbox (17.3341pt too wide) in paragraph at lines 1099--1101
[]\OT4/cmr/m/n/10 .................................[]  
 []

+
Overfull \hbox (17.3341pt too wide) in paragraph at lines 1102--1104
[]\OT4/cmr/m/n/10 .................................[]  
 []

+ + + + + + + |
Overfull \hbox (17.3341pt too wide) in paragraph at lines 1117--1119
[]\OT4/cmr/m/n/10 .................................[]  
 []

+
Overfull \hbox (17.3341pt too wide) in paragraph at lines 1120--1122
[]\OT4/cmr/m/n/10 .................................[]  
 []

+ + + + + + + |
Overfull \hbox (17.3341pt too wide) in paragraph at lines 1135--1137
[]\OT4/cmr/m/n/10 .................................[]  
 []

[21] +
Overfull \hbox (17.3341pt too wide) in paragraph at lines 1138--1140
[]\OT4/cmr/m/n/10 .................................[]  
 []

+ + + + + + + |
Overfull \hbox (17.3341pt too wide) in paragraph at lines 1153--1155
[]\OT4/cmr/m/n/10 .................................[]  
 []

+
Overfull \hbox (17.3341pt too wide) in paragraph at lines 1156--1158
[]\OT4/cmr/m/n/10 .................................[]  
 []

+
Overfull \hbox (3.4171pt too wide) in paragraph at lines 1159--1160
[]\OT4/cmr/bx/n/14.4 S15CAD64  
 []

+
Overfull \hbox (3.4171pt too wide) in paragraph at lines 1161--1162
[]\OT4/cmr/bx/n/14.4 S25CAD64  
 []

+
Overfull \hbox (3.4171pt too wide) in paragraph at lines 1163--1164
[]\OT4/cmr/bx/n/14.4 S35CAD64  
 []

+
Overfull \hbox (3.4171pt too wide) in paragraph at lines 1165--1166
[]\OT4/cmr/bx/n/14.4 S45CAD64  
 []

+
Overfull \hbox (3.4171pt too wide) in paragraph at lines 1167--1168
[]\OT4/cmr/bx/n/14.4 S55CAD64  
 []

+
Overfull \hbox (3.4171pt too wide) in paragraph at lines 1169--1170
[]\OT4/cmr/bx/n/14.4 S65CAD64  
 []

+ |
Overfull \hbox (17.3341pt too wide) in paragraph at lines 1171--1173
[]\OT4/cmr/m/n/10 .................................[]  
 []

+
Overfull \hbox (17.3341pt too wide) in paragraph at lines 1174--1176
[]\OT4/cmr/m/n/10 .................................[]  
 []

+ + + + + + + |
Overfull \hbox (17.3341pt too wide) in paragraph at lines 1189--1191
[]\OT4/cmr/m/n/10 .................................[]  
 []

[22] +
Overfull \hbox (17.3341pt too wide) in paragraph at lines 1192--1194
[]\OT4/cmr/m/n/10 .................................[]  
 []

+ + + + + + + |
Overfull \hbox (17.3341pt too wide) in paragraph at lines 1207--1209
[]\OT4/cmr/m/n/10 .................................[]  
 []

+
Overfull \hbox (17.3341pt too wide) in paragraph at lines 1210--1212
[]\OT4/cmr/m/n/10 .................................[]  
 []

+ + + + + + + |
Overfull \hbox (17.3341pt too wide) in paragraph at lines 1225--1227
[]\OT4/cmr/m/n/10 .................................[]  
 []

+
Overfull \hbox (17.3341pt too wide) in paragraph at lines 1228--1230
[]\OT4/cmr/m/n/10 .................................[]  
 []

+ + + + + + + |
Overfull \hbox (17.3341pt too wide) in paragraph at lines 1243--1245
[]\OT4/cmr/m/n/10 .................................[]  
 []

[23] +
Overfull \hbox (17.3341pt too wide) in paragraph at lines 1246--1248
[]\OT4/cmr/m/n/10 .................................[]  
 []

+ + + + + + + |
Overfull \hbox (17.3341pt too wide) in paragraph at lines 1261--1263
[]\OT4/cmr/m/n/10 .................................[]  
 []

+
Overfull \hbox (17.3341pt too wide) in paragraph at lines 1264--1266
[]\OT4/cmr/m/n/10 .................................[]  
 []

+ + + + + + + |
Overfull \hbox (17.3341pt too wide) in paragraph at lines 1279--1281
[]\OT4/cmr/m/n/10 .................................[]  
 []

+
Overfull \hbox (17.3341pt too wide) in paragraph at lines 1282--1284
[]\OT4/cmr/m/n/10 .................................[]  
 []

+ + + + + + + |
Overfull \hbox (17.3341pt too wide) in paragraph at lines 1297--1299
[]\OT4/cmr/m/n/10 .................................[]  
 []

[24] +
Overfull \hbox (17.3341pt too wide) in paragraph at lines 1300--1302
[]\OT4/cmr/m/n/10 .................................[]  
 []

+
Overfull \hbox (1.63377pt too wide) in paragraph at lines 1303--1304
[]\OT4/cmr/bx/n/14.4 S14BED72  
 []

+
Overfull \hbox (1.63377pt too wide) in paragraph at lines 1305--1306
[]\OT4/cmr/bx/n/14.4 S24BED72  
 []

+
Overfull \hbox (1.63377pt too wide) in paragraph at lines 1307--1308
[]\OT4/cmr/bx/n/14.4 S34BED72  
 []

+
Overfull \hbox (1.63377pt too wide) in paragraph at lines 1309--1310
[]\OT4/cmr/bx/n/14.4 S44BED72  
 []

+
Overfull \hbox (1.63377pt too wide) in paragraph at lines 1311--1312
[]\OT4/cmr/bx/n/14.4 S54BED72  
 []

+
Overfull \hbox (1.63377pt too wide) in paragraph at lines 1313--1314
[]\OT4/cmr/bx/n/14.4 S64BED72  
 []

+ |
Overfull \hbox (17.3341pt too wide) in paragraph at lines 1315--1317
[]\OT4/cmr/m/n/10 .................................[]  
 []

+
Overfull \hbox (17.3341pt too wide) in paragraph at lines 1318--1320
[]\OT4/cmr/m/n/10 .................................[]  
 []

+ + + + + + + |
Overfull \hbox (17.3341pt too wide) in paragraph at lines 1333--1335
[]\OT4/cmr/m/n/10 .................................[]  
 []

+
Overfull \hbox (17.3341pt too wide) in paragraph at lines 1336--1338
[]\OT4/cmr/m/n/10 .................................[]  
 []

+ + + + + + + |
Overfull \hbox (17.3341pt too wide) in paragraph at lines 1351--1353
[]\OT4/cmr/m/n/10 .................................[]  
 []

[25] +
Overfull \hbox (17.3341pt too wide) in paragraph at lines 1354--1356
[]\OT4/cmr/m/n/10 .................................[]  
 []

+ + + + + + + |
Overfull \hbox (17.3341pt too wide) in paragraph at lines 1369--1371
[]\OT4/cmr/m/n/10 .................................[]  
 []

+
Overfull \hbox (17.3341pt too wide) in paragraph at lines 1372--1374
[]\OT4/cmr/m/n/10 .................................[]  
 []

+ + + + + + + |
Overfull \hbox (17.3341pt too wide) in paragraph at lines 1387--1389
[]\OT4/cmr/m/n/10 .................................[]  
 []

+
Overfull \hbox (17.3341pt too wide) in paragraph at lines 1390--1392
[]\OT4/cmr/m/n/10 .................................[]  
 []

+ + + + + + + |
Overfull \hbox (17.3341pt too wide) in paragraph at lines 1405--1407
[]\OT4/cmr/m/n/10 .................................[]  
 []

[26] +
Overfull \hbox (17.3341pt too wide) in paragraph at lines 1408--1410
[]\OT4/cmr/m/n/10 .................................[]  
 []

+ + + + + + + |
Overfull \hbox (17.3341pt too wide) in paragraph at lines 1423--1425
[]\OT4/cmr/m/n/10 .................................[]  
 []

+
Overfull \hbox (17.3341pt too wide) in paragraph at lines 1426--1428
[]\OT4/cmr/m/n/10 .................................[]  
 []

+ + + + + + + |
Overfull \hbox (17.3341pt too wide) in paragraph at lines 1441--1443
[]\OT4/cmr/m/n/10 .................................[]  
 []

+
Overfull \hbox (17.3341pt too wide) in paragraph at lines 1444--1446
[]\OT4/cmr/m/n/10 .................................[]  
 []

+
Overfull \hbox (0.73373pt too wide) in paragraph at lines 1447--1448
[]\OT4/cmr/bx/n/14.4 S15ACF80  
 []

+
Overfull \hbox (0.73373pt too wide) in paragraph at lines 1449--1450
[]\OT4/cmr/bx/n/14.4 S25ACF80  
 []

+
Overfull \hbox (0.73373pt too wide) in paragraph at lines 1451--1452
[]\OT4/cmr/bx/n/14.4 S35ACF80  
 []

+
Overfull \hbox (0.73373pt too wide) in paragraph at lines 1453--1454
[]\OT4/cmr/bx/n/14.4 S45ACF80  
 []

+
Overfull \hbox (0.73373pt too wide) in paragraph at lines 1455--1456
[]\OT4/cmr/bx/n/14.4 S55ACF80  
 []

+
Overfull \hbox (0.73373pt too wide) in paragraph at lines 1457--1458
[]\OT4/cmr/bx/n/14.4 S65ACF80  
 []

+ |
Overfull \hbox (17.3341pt too wide) in paragraph at lines 1459--1461
[]\OT4/cmr/m/n/10 .................................[]  
 []

[27] +
Overfull \hbox (17.3341pt too wide) in paragraph at lines 1462--1464
[]\OT4/cmr/m/n/10 .................................[]  
 []

+ + + + + + + |
Overfull \hbox (17.3341pt too wide) in paragraph at lines 1477--1479
[]\OT4/cmr/m/n/10 .................................[]  
 []

+
Overfull \hbox (17.3341pt too wide) in paragraph at lines 1480--1482
[]\OT4/cmr/m/n/10 .................................[]  
 []

+ + + + + + + |
Overfull \hbox (17.3341pt too wide) in paragraph at lines 1495--1497
[]\OT4/cmr/m/n/10 .................................[]  
 []

+
Overfull \hbox (17.3341pt too wide) in paragraph at lines 1498--1500
[]\OT4/cmr/m/n/10 .................................[]  
 []

+ + + + + + + |
Overfull \hbox (17.3341pt too wide) in paragraph at lines 1513--1515
[]\OT4/cmr/m/n/10 .................................[]  
 []

[28] +
Overfull \hbox (17.3341pt too wide) in paragraph at lines 1516--1518
[]\OT4/cmr/m/n/10 .................................[]  
 []

+ + + + + + + |
Overfull \hbox (17.3341pt too wide) in paragraph at lines 1531--1533
[]\OT4/cmr/m/n/10 .................................[]  
 []

+
Overfull \hbox (17.3341pt too wide) in paragraph at lines 1534--1536
[]\OT4/cmr/m/n/10 .................................[]  
 []

+
Overfull \hbox (3.4171pt too wide) in paragraph at lines 1537--1538
[]\OT4/cmr/bx/n/14.4 S14ADC85  
 []

+
Overfull \hbox (3.4171pt too wide) in paragraph at lines 1539--1540
[]\OT4/cmr/bx/n/14.4 S24ADC85  
 []

+
Overfull \hbox (3.4171pt too wide) in paragraph at lines 1541--1542
[]\OT4/cmr/bx/n/14.4 S34ADC85  
 []

+
Overfull \hbox (3.4171pt too wide) in paragraph at lines 1543--1544
[]\OT4/cmr/bx/n/14.4 S44ADC85  
 []

+
Overfull \hbox (3.4171pt too wide) in paragraph at lines 1545--1546
[]\OT4/cmr/bx/n/14.4 S54ADC85  
 []

+
Overfull \hbox (3.4171pt too wide) in paragraph at lines 1547--1548
[]\OT4/cmr/bx/n/14.4 S64ADC85  
 []

+ |
Overfull \hbox (17.3341pt too wide) in paragraph at lines 1549--1551
[]\OT4/cmr/m/n/10 .................................[]  
 []

+
Overfull \hbox (17.3341pt too wide) in paragraph at lines 1552--1554
[]\OT4/cmr/m/n/10 .................................[]  
 []

+
Overfull \hbox (0.75044pt too wide) in paragraph at lines 1555--1556
[]\OT4/cmr/bx/n/14.4 S1E2ED86  
 []

+
Overfull \hbox (0.75044pt too wide) in paragraph at lines 1557--1558
[]\OT4/cmr/bx/n/14.4 S2E2ED86  
 []

+
Overfull \hbox (0.75044pt too wide) in paragraph at lines 1559--1560
[]\OT4/cmr/bx/n/14.4 S3E2ED86  
 []

+
Overfull \hbox (0.75044pt too wide) in paragraph at lines 1561--1562
[]\OT4/cmr/bx/n/14.4 S4E2ED86  
 []

+
Overfull \hbox (0.75044pt too wide) in paragraph at lines 1563--1564
[]\OT4/cmr/bx/n/14.4 S5E2ED86  
 []

+
Overfull \hbox (0.75044pt too wide) in paragraph at lines 1565--1566
[]\OT4/cmr/bx/n/14.4 S6E2ED86  
 []

+ |
Overfull \hbox (17.3341pt too wide) in paragraph at lines 1567--1569
[]\OT4/cmr/m/n/10 .................................[]  
 []

[29] +
Overfull \hbox (17.3341pt too wide) in paragraph at lines 1570--1572
[]\OT4/cmr/m/n/10 .................................[]  
 []

+ + + + + + + |
Overfull \hbox (17.3341pt too wide) in paragraph at lines 1585--1587
[]\OT4/cmr/m/n/10 .................................[]  
 []

+
Overfull \hbox (17.3341pt too wide) in paragraph at lines 1588--1590
[]\OT4/cmr/m/n/10 .................................[]  
 []

+ + + + + + + |
Overfull \hbox (17.3341pt too wide) in paragraph at lines 1603--1605
[]\OT4/cmr/m/n/10 .................................[]  
 []

+
Overfull \hbox (17.3341pt too wide) in paragraph at lines 1606--1608
[]\OT4/cmr/m/n/10 .................................[]  
 []

+ + + + + + + |
Overfull \hbox (17.3341pt too wide) in paragraph at lines 1621--1623
[]\OT4/cmr/m/n/10 .................................[]  
 []

[30] +
Overfull \hbox (17.3341pt too wide) in paragraph at lines 1624--1626
[]\OT4/cmr/m/n/10 .................................[]  
 []

+ + + + + + + |
Overfull \hbox (17.3341pt too wide) in paragraph at lines 1639--1641
[]\OT4/cmr/m/n/10 .................................[]  
 []

+
Overfull \hbox (17.3341pt too wide) in paragraph at lines 1642--1644
[]\OT4/cmr/m/n/10 .................................[]  
 []

+
Overfull \hbox (1.36708pt too wide) in paragraph at lines 1645--1646
[]\OT4/cmr/bx/n/14.4 S10DCF91  
 []

+
Overfull \hbox (1.36708pt too wide) in paragraph at lines 1647--1648
[]\OT4/cmr/bx/n/14.4 S20DCF91  
 []

+
Overfull \hbox (1.36708pt too wide) in paragraph at lines 1649--1650
[]\OT4/cmr/bx/n/14.4 S30DCF91  
 []

+
Overfull \hbox (1.36708pt too wide) in paragraph at lines 1651--1652
[]\OT4/cmr/bx/n/14.4 S40DCF91  
 []

+
Overfull \hbox (1.36708pt too wide) in paragraph at lines 1653--1654
[]\OT4/cmr/bx/n/14.4 S50DCF91  
 []

+
Overfull \hbox (1.36708pt too wide) in paragraph at lines 1655--1656
[]\OT4/cmr/bx/n/14.4 S60DCF91  
 []

+ |
Overfull \hbox (17.3341pt too wide) in paragraph at lines 1657--1659
[]\OT4/cmr/m/n/10 .................................[]  
 []

+
Overfull \hbox (17.3341pt too wide) in paragraph at lines 1660--1662
[]\OT4/cmr/m/n/10 .................................[]  
 []

+ + + + + + + |
Overfull \hbox (17.3341pt too wide) in paragraph at lines 1675--1677
[]\OT4/cmr/m/n/10 .................................[]  
 []

[31] +
Overfull \hbox (17.3341pt too wide) in paragraph at lines 1678--1680
[]\OT4/cmr/m/n/10 .................................[]  
 []

+ + + + + + + |
Overfull \hbox (17.3341pt too wide) in paragraph at lines 1693--1695
[]\OT4/cmr/m/n/10 .................................[]  
 []

+
Overfull \hbox (17.3341pt too wide) in paragraph at lines 1696--1698
[]\OT4/cmr/m/n/10 .................................[]  
 []

+ + + + + + + |
Overfull \hbox (17.3341pt too wide) in paragraph at lines 1711--1713
[]\OT4/cmr/m/n/10 .................................[]  
 []

+
Overfull \hbox (17.3341pt too wide) in paragraph at lines 1714--1716
[]\OT4/cmr/m/n/10 .................................[]  
 []

+ + + + + + + |
Overfull \hbox (17.3341pt too wide) in paragraph at lines 1729--1731
[]\OT4/cmr/m/n/10 .................................[]  
 []

[32] +
Overfull \hbox (17.3341pt too wide) in paragraph at lines 1732--1734
[]\OT4/cmr/m/n/10 .................................[]  
 []

+ + + + + + + |
Overfull \hbox (17.3341pt too wide) in paragraph at lines 1747--1749
[]\OT4/cmr/m/n/10 .................................[]  
 []

+
Overfull \hbox (17.3341pt too wide) in paragraph at lines 1750--1752
[]\OT4/cmr/m/n/10 .................................[]  
 []

+ + + + + + + |
Overfull \hbox (17.3341pt too wide) in paragraph at lines 1765--1767
[]\OT4/cmr/m/n/10 .................................[]  
 []

+
Overfull \hbox (17.3341pt too wide) in paragraph at lines 1768--1770
[]\OT4/cmr/m/n/10 .................................[]  
 []

+ + + + + + + |
Overfull \hbox (17.3341pt too wide) in paragraph at lines 1783--1785
[]\OT4/cmr/m/n/10 .................................[]  
 []

[33] +
Overfull \hbox (17.3341pt too wide) in paragraph at lines 1786--1788
[]\OT4/cmr/m/n/10 .................................[]  
 []

+ + + + + +) + | [34] (./stickers.aux) ) 
Here is how much of TeX's memory you used:
 1347 strings out of 494910
 16637 string characters out of 6180156
 73609 words of memory out of 5000000
 4658 multiletter control sequences out of 15000+600000
 8848 words of font info for 27 fonts, out of 8000000 for 9000
 34 hyphenation exceptions out of 8191
 25i,7n,24p,157b,206s stack positions out of 5000i,500n,10000p,200000b,80000s
{/usr/share/texlive/texmf-dist/fonts/en
c/dvips/pl/plrm.enc}{/usr/share/texlive/texmf-dist/fonts/enc/dvips/pl/plit.enc}
</usr/share/texlive/texmf-dist/fonts/type1/public/pl/plbx12.pfb></usr/share/tex
live/texmf-dist/fonts/type1/public/pl/plr10.pfb></usr/share/texlive/texmf-dist/
fonts/type1/public/pl/plti10.pfb>
Output written on stickers.pdf (34 pages, 30319 bytes).
PDF statistics:
 127 PDF objects out of 1000 (max. 8388607)
 87 compressed objects within 1 object stream
 0 named destinations out of 1000 (max. 500000)
 1 words of extra memory for PDF output out of 10000 (max. 10000000)

