\BOOKMARK [1][-]{section.1}{ Dane demograficzne }{}% 1
\BOOKMARK [2][-]{subsection.1.1}{Prosimy przykleic w tym miejscu naklejke z kodem: }{section.1}% 2
\BOOKMARK [2][-]{subsection.1.2}{Jaki jest Tw\363j podstawowy kierunek studi\363w? }{section.1}% 3
\BOOKMARK [2][-]{subsection.1.3}{Rok urodzenia: }{section.1}% 4
\BOOKMARK [2][-]{subsection.1.4}{P\233ec: }{section.1}% 5
\BOOKMARK [2][-]{subsection.1.5}{Czy w szkole sredniej uczestniczy\233es/uczestniczy\233as w zajeciach z filozofii lub etyki? }{section.1}% 6
\BOOKMARK [2][-]{subsection.1.6}{Czy startowa\233es/startowa\233as kiedys w Olimpiadzie Filozoficznej lub Konkursie Filozoficznym? }{section.1}% 7
\BOOKMARK [2][-]{subsection.1.7}{W kt\363rym roku rozpocza\233es/rozpocze\233as studia filozoficzne? }{section.1}% 8
\BOOKMARK [2][-]{subsection.1.8}{Czy w ubieg\233ych latach podejmowa\233es/podejmowa\233as juz studia na innym kierunku niz filozofia? \040Jesli tak, to jakie i na kt\363rym roku? }{section.1}% 9
\BOOKMARK [2][-]{subsection.1.9}{Kt\363re dziedziny filozofii interesuja Cie najbardziej? \(Prosimy zaznaczyc nie wiecej niz 3\) }{section.1}% 10
\BOOKMARK [1][-]{section.2}{ Amerykanski samoch\363d }{}% 11
\BOOKMARK [2][-]{subsection.2.1}{Czy zgadzasz sie ze stwierdzeniem \040 \040Bartek wie, ze Julia jezdzi amerykanskim samochodem? }{section.2}% 12
\BOOKMARK [2][-]{subsection.2.2}{Jaki stopien pewnosci przypisujesz swojej odpowiedzi? }{section.2}% 13
\BOOKMARK [1][-]{section.3}{ Stodo\233y }{}% 14
\BOOKMARK [2][-]{subsection.3.1}{Czy zgadzasz sie ze stwierdzeniem \040 \040Zuza wie, ze przy drodze, kt\363ra jedzie, jest stodo\233a? }{section.3}% 15
\BOOKMARK [2][-]{subsection.3.2}{Jaki stopien pewnosci przypisujesz swojej odpowiedzi? }{section.3}% 16
\BOOKMARK [1][-]{section.4}{ John-termometr }{}% 17
\BOOKMARK [2][-]{subsection.4.1}{Czy zgadzasz sie ze stwierdzeniem \040 \040John wie, ze w jego pokoju jest 21 stopni Celsjusza? }{section.4}% 18
\BOOKMARK [2][-]{subsection.4.2}{Jaki stopien pewnosci przypisujesz swojej odpowiedzi? }{section.4}% 19
\BOOKMARK [1][-]{section.5}{ Teleportacja }{}% 20
\BOOKMARK [2][-]{subsection.5.1}{Kt\363ra mozliwosc najlepiej opisuje to, co sie sta\233o? }{section.5}% 21
\BOOKMARK [2][-]{subsection.5.2}{Jaki stopien pewnosci przypisujesz swojej odpowiedzi? }{section.5}% 22
\BOOKMARK [1][-]{section.6}{ Imieniny }{}% 23
\BOOKMARK [2][-]{subsection.6.1}{Czy zgadzasz sie ze stwierdzeniem \040 \040Mama umyslnie zrobi\233a przykrosc cioci Lusi? }{section.6}% 24
\BOOKMARK [2][-]{subsection.6.2}{Jaki stopien pewnosci przypisujesz swojej odpowiedzi? }{section.6}% 25
\BOOKMARK [1][-]{section.7}{ Planeta B297A }{}% 26
\BOOKMARK [2][-]{subsection.7.1}{Czy zgadzasz sie ze stwierdzeniem \040 \040XYZ to woda? }{section.7}% 27
\BOOKMARK [2][-]{subsection.7.2}{Jaki stopien pewnosci przypisujesz swojej odpowiedzi? }{section.7}% 28
\BOOKMARK [1][-]{section.8}{ Niezupe\233nosc arytmetyki }{}% 29
\BOOKMARK [2][-]{subsection.8.1}{O kim m\363wi John, gdy uzywa nazwiska ,,G\366del''? }{section.8}% 30
\BOOKMARK [2][-]{subsection.8.2}{Jaki stopien pewnosci przypisujesz swojej odpowiedzi? }{section.8}% 31
\BOOKMARK [1][-]{section.9}{ Frank i Furt }{}% 32
\BOOKMARK [2][-]{subsection.9.1}{Czy zgadzasz sie ze stwierdzeniem \040 \040Frank m\363g\233 nie zabic Furta? }{section.9}% 33
\BOOKMARK [2][-]{subsection.9.2}{Jaki stopien pewnosci przypisujesz swojej odpowiedzi? }{section.9}% 34
\BOOKMARK [2][-]{subsection.9.3}{Czy zgadzasz sie ze stwierdzeniem \040 \040Frank jest odpowiedzialny za smierc Furta? }{section.9}% 35
\BOOKMARK [2][-]{subsection.9.4}{Jaki stopien pewnosci przypisujesz swojej odpowiedzi? }{section.9}% 36
\BOOKMARK [2][-]{subsection.9.5}{Czy zgadzasz sie ze stwierdzeniem \040 \040Frank jest winny zabicia Furta? }{section.9}% 37
\BOOKMARK [2][-]{subsection.9.6}{Jaki stopien pewnosci przypisujesz swojej odpowiedzi? }{section.9}% 38
\BOOKMARK [1][-]{section.10}{ Skrzypek }{}% 39
\BOOKMARK [2][-]{subsection.10.1}{Czy zgadzasz sie ze stwierdzeniem \040 \040Moim obowiazkiem moralnym jest pozostac pod\233aczonym do skrzypka? }{section.10}% 40
\BOOKMARK [2][-]{subsection.10.2}{Jaki stopien pewnosci przypisujesz swojej odpowiedzi? }{section.10}% 41
\BOOKMARK [1][-]{section.11}{ Maszyna przyjemnosci }{}% 42
\BOOKMARK [2][-]{subsection.11.1}{Co bys wybra\233? }{section.11}% 43
\BOOKMARK [2][-]{subsection.11.2}{Jaki stopien pewnosci przypisujesz swojej odpowiedzi? }{section.11}% 44
